make --dry-run --always-make --keep-going --print-directory
make: Entering directory '/home/dyh/Documents/receive-from-cam-on-rk'
/usr/bin/cmake -H/home/dyh/Documents/receive-from-cam-on-rk -B/home/dyh/Documents/receive-from-cam-on-rk --check-build-system CMakeFiles/Makefile.cmake 0
/usr/bin/cmake -E cmake_progress_start /home/dyh/Documents/receive-from-cam-on-rk/CMakeFiles /home/dyh/Documents/receive-from-cam-on-rk/CMakeFiles/progress.marks
make -f CMakeFiles/Makefile2 all
 
make[1]: Entering directory '/home/dyh/Documents/receive-from-cam-on-rk'
make -f CMakeFiles/receive_from_cam_on_rk.dir/build.make CMakeFiles/receive_from_cam_on_rk.dir/depend
 
make[2]: Entering directory '/home/dyh/Documents/receive-from-cam-on-rk'
cd /home/dyh/Documents/receive-from-cam-on-rk && /usr/bin/cmake -E cmake_depends "Unix Makefiles" /home/dyh/Documents/receive-from-cam-on-rk /home/dyh/Documents/receive-from-cam-on-rk /home/dyh/Documents/receive-from-cam-on-rk /home/dyh/Documents/receive-from-cam-on-rk /home/dyh/Documents/receive-from-cam-on-rk/CMakeFiles/receive_from_cam_on_rk.dir/DependInfo.cmake --color=
make[2]: Leaving directory '/home/dyh/Documents/receive-from-cam-on-rk'
 
make -f CMakeFiles/receive_from_cam_on_rk.dir/build.make CMakeFiles/receive_from_cam_on_rk.dir/build
 
make[2]: Entering directory '/home/dyh/Documents/receive-from-cam-on-rk'
/usr/bin/cmake -E cmake_echo_color --switch= --green --progress-dir=/home/dyh/Documents/receive-from-cam-on-rk/CMakeFiles --progress-num=1 "Building CXX object CMakeFiles/receive_from_cam_on_rk.dir/src/SocketClient.cpp.o"
/home/dyh/Documents/receive-from-cam-on-rk/../rk/prebuilts/gcc/linux-x86/arm/gcc-arm-8.3-2019.03-x86_64-arm-linux-gnueabihf/bin/arm-linux-gnueabihf-g++ --sysroot=/home/dyh/Documents/receive-from-cam-on-rk/../rk/sysroot   -I/home/dyh/Documents/receive-from-cam-on-rk/include  -std=c++11 -pthread   -o CMakeFiles/receive_from_cam_on_rk.dir/src/SocketClient.cpp.o -c /home/dyh/Documents/receive-from-cam-on-rk/src/SocketClient.cpp
/usr/bin/cmake -E cmake_echo_color --switch= --green --progress-dir=/home/dyh/Documents/receive-from-cam-on-rk/CMakeFiles --progress-num=2 "Building C object CMakeFiles/receive_from_cam_on_rk.dir/src/cJSON.c.o"
/home/dyh/Documents/receive-from-cam-on-rk/../rk/prebuilts/gcc/linux-x86/arm/gcc-arm-8.3-2019.03-x86_64-arm-linux-gnueabihf/bin/arm-linux-gnueabihf-gcc --sysroot=/home/dyh/Documents/receive-from-cam-on-rk/../rk/sysroot  -I/home/dyh/Documents/receive-from-cam-on-rk/include   -o CMakeFiles/receive_from_cam_on_rk.dir/src/cJSON.c.o   -c /home/dyh/Documents/receive-from-cam-on-rk/src/cJSON.c
/usr/bin/cmake -E cmake_echo_color --switch= --green --progress-dir=/home/dyh/Documents/receive-from-cam-on-rk/CMakeFiles --progress-num=3 "Building CXX object CMakeFiles/receive_from_cam_on_rk.dir/src/main.cpp.o"
/home/dyh/Documents/receive-from-cam-on-rk/../rk/prebuilts/gcc/linux-x86/arm/gcc-arm-8.3-2019.03-x86_64-arm-linux-gnueabihf/bin/arm-linux-gnueabihf-g++ --sysroot=/home/dyh/Documents/receive-from-cam-on-rk/../rk/sysroot   -I/home/dyh/Documents/receive-from-cam-on-rk/include  -std=c++11 -pthread   -o CMakeFiles/receive_from_cam_on_rk.dir/src/main.cpp.o -c /home/dyh/Documents/receive-from-cam-on-rk/src/main.cpp
/usr/bin/cmake -E cmake_echo_color --switch= --green --progress-dir=/home/dyh/Documents/receive-from-cam-on-rk/CMakeFiles --progress-num=4 "Building CXX object CMakeFiles/receive_from_cam_on_rk.dir/src/read_camera.cpp.o"
/home/dyh/Documents/receive-from-cam-on-rk/../rk/prebuilts/gcc/linux-x86/arm/gcc-arm-8.3-2019.03-x86_64-arm-linux-gnueabihf/bin/arm-linux-gnueabihf-g++ --sysroot=/home/dyh/Documents/receive-from-cam-on-rk/../rk/sysroot   -I/home/dyh/Documents/receive-from-cam-on-rk/include  -std=c++11 -pthread   -o CMakeFiles/receive_from_cam_on_rk.dir/src/read_camera.cpp.o -c /home/dyh/Documents/receive-from-cam-on-rk/src/read_camera.cpp
/usr/bin/cmake -E cmake_echo_color --switch= --green --progress-dir=/home/dyh/Documents/receive-from-cam-on-rk/CMakeFiles --progress-num=5 "Building CXX object CMakeFiles/receive_from_cam_on_rk.dir/src/rockface_control.cpp.o"
/home/dyh/Documents/receive-from-cam-on-rk/../rk/prebuilts/gcc/linux-x86/arm/gcc-arm-8.3-2019.03-x86_64-arm-linux-gnueabihf/bin/arm-linux-gnueabihf-g++ --sysroot=/home/dyh/Documents/receive-from-cam-on-rk/../rk/sysroot   -I/home/dyh/Documents/receive-from-cam-on-rk/include  -std=c++11 -pthread   -o CMakeFiles/receive_from_cam_on_rk.dir/src/rockface_control.cpp.o -c /home/dyh/Documents/receive-from-cam-on-rk/src/rockface_control.cpp
/usr/bin/cmake -E cmake_echo_color --switch= --green --bold --progress-dir=/home/dyh/Documents/receive-from-cam-on-rk/CMakeFiles --progress-num=6 "Linking CXX executable bin/receive_from_cam_on_rk"
/usr/bin/cmake -E cmake_link_script CMakeFiles/receive_from_cam_on_rk.dir/link.txt --verbose=
make[2]: Leaving directory '/home/dyh/Documents/receive-from-cam-on-rk'
/usr/bin/cmake -E cmake_echo_color --switch= --progress-dir=/home/dyh/Documents/receive-from-cam-on-rk/CMakeFiles --progress-num=1,2,3,4,5,6 "Built target receive_from_cam_on_rk"
make[1]: Leaving directory '/home/dyh/Documents/receive-from-cam-on-rk'
/usr/bin/cmake -E cmake_progress_start /home/dyh/Documents/receive-from-cam-on-rk/CMakeFiles 0
make: Leaving directory '/home/dyh/Documents/receive-from-cam-on-rk'
 
